<?xml version="1.0" encoding="UTF-8"?>
<!-- Generated by org.testng.reporters.JUnitReportReporter -->
<testsuite name="testcase.LoginToApplication" tests="1" time="22.668" ignored="0" failures="0" timestamp="22 Jan 2021 07:50:28 GMT" skipped="0" hostname="Dell" errors="0">
  <testcase name="loginTest" time="22.668" classname="testcase.LoginToApplication"/>
</testsuite> <!-- testcase.LoginToApplication -->
